# JRE version: OpenJDK Runtime Environment Microsoft-13877129 (17.0.19+10) (build 17.0.19+10-LTS)
# Java VM: OpenJDK 64-Bit Server VM Microsoft-13877129 (17.0.19+10-LTS, mixed mode, sharing, tiered, compressed oops, compressed class ptrs, serial gc, windows-amd64)
GC Precious Log:
 CPUs: 12 total, 12 available
 Memory: 5989M
 Large Page Support: Disabled
 NUMA Support: Disabled
 Compressed Oops: Enabled (32-bit)
 Heap Min Capacity: 8M
 Heap Initial Capacity: 94M
 Heap Max Capacity: 1792M
 Pre-touch: Disabled
Heap:
 def new generation   total 28864K, used 4561K [0x0000000080000000, 0x0000000081f50000, 0x00000000a5550000)
  eden space 25664K,  13% used [0x0000000080000000, 0x0000000080351660, 0x0000000081910000)
  from space 3200K,  36% used [0x0000000081910000, 0x0000000081a33040, 0x0000000081c30000)
  to   space 3200K,   0% used [0x0000000081c30000, 0x0000000081c30000, 0x0000000081f50000)
 tenured generation   total 64192K, used 18871K [0x00000000a5550000, 0x00000000a9400000, 0x00000000f0000000)
   the space 64192K,  29% used [0x00000000a5550000, 0x00000000a67bde68, 0x00000000a67be000, 0x00000000a9400000)
 Metaspace       used 15750K, committed 16064K, reserved 393216K
  class space    used 2166K, committed 2304K, reserved 327680K
GC Heap History (12 events):
Event: 2.991 GC heap before
{Heap before GC invocations=0 (full 0):
 def new generation   total 28864K, used 23016K [0x0000000080000000, 0x0000000081f50000, 0x00000000a5550000)
  eden space 25664K,  89% used [0x0000000080000000, 0x000000008167a0a8, 0x0000000081910000)
  from space 3200K,   0% used [0x0000000081910000, 0x0000000081910000, 0x0000000081c30000)
  to   space 3200K,   0% used [0x0000000081c30000, 0x0000000081c30000, 0x0000000081f50000)
 tenured generation   total 64192K, used 0K [0x00000000a5550000, 0x00000000a9400000, 0x00000000f0000000)
   the space 64192K,   0% used [0x00000000a5550000, 0x00000000a5550000, 0x00000000a5550200, 0x00000000a9400000)
 Metaspace       used 1107K, committed 1280K, reserved 393216K
  class space    used 72K, committed 128K, reserved 327680K
}
Event: 3.005 GC heap after
{Heap after GC invocations=1 (full 0):
 def new generation   total 28864K, used 3200K [0x0000000080000000, 0x0000000081f50000, 0x00000000a5550000)
  eden space 25664K,   0% used [0x0000000080000000, 0x0000000080000000, 0x0000000081910000)
  from space 3200K, 100% used [0x0000000081c30000, 0x0000000081f50000, 0x0000000081f50000)
  to   space 3200K,   0% used [0x0000000081910000, 0x0000000081910000, 0x0000000081c30000)
 tenured generation   total 64192K, used 1875K [0x00000000a5550000, 0x00000000a9400000, 0x00000000f0000000)
   the space 64192K,   2% used [0x00000000a5550000, 0x00000000a5724c80, 0x00000000a5724e00, 0x00000000a9400000)
 Metaspace       used 1107K, committed 1280K, reserved 393216K
  class space    used 72K, committed 128K, reserved 327680K
}
Event: 5.457 GC heap before
{Heap before GC invocations=1 (full 0):
 def new generation   total 28864K, used 28864K [0x0000000080000000, 0x0000000081f50000, 0x00000000a5550000)
  eden space 25664K, 100% used [0x0000000080000000, 0x0000000081910000, 0x0000000081910000)
  from space 3200K, 100% used [0x0000000081c30000, 0x0000000081f50000, 0x0000000081f50000)
  to   space 3200K,   0% used [0x0000000081910000, 0x0000000081910000, 0x0000000081c30000)
 tenured generation   total 64192K, used 1875K [0x00000000a5550000, 0x00000000a9400000, 0x00000000f0000000)
   the space 64192K,   2% used [0x00000000a5550000, 0x00000000a5724c80, 0x00000000a5724e00, 0x00000000a9400000)
 Metaspace       used 4262K, committed 4480K, reserved 393216K
  class space    used 535K, committed 640K, reserved 327680K
}
Event: 5.471 GC heap after
{Heap after GC invocations=2 (full 0):
 def new generation   total 28864K, used 2116K [0x0000000080000000, 0x0000000081f50000, 0x00000000a5550000)
  eden space 25664K,   0% used [0x0000000080000000, 0x0000000080000000, 0x0000000081910000)
  from space 3200K,  66% used [0x0000000081910000, 0x0000000081b212c8, 0x0000000081c30000)
  to   space 3200K,   0% used [0x0000000081c30000, 0x0000000081c30000, 0x0000000081f50000)
 tenured generation   total 64192K, used 8496K [0x00000000a5550000, 0x00000000a9400000, 0x00000000f0000000)
   the space 64192K,  13% used [0x00000000a5550000, 0x00000000a5d9c200, 0x00000000a5d9c200, 0x00000000a9400000)
 Metaspace       used 4262K, committed 4480K, reserved 393216K
  class space    used 535K, committed 640K, reserved 327680K
}
Event: 6.601 GC heap before
{Heap before GC invocations=2 (full 0):
 def new generation   total 28864K, used 27780K [0x0000000080000000, 0x0000000081f50000, 0x00000000a5550000)
  eden space 25664K, 100% used [0x0000000080000000, 0x0000000081910000, 0x0000000081910000)
  from space 3200K,  66% used [0x0000000081910000, 0x0000000081b212c8, 0x0000000081c30000)
  to   space 3200K,   0% used [0x0000000081c30000, 0x0000000081c30000, 0x0000000081f50000)
 tenured generation   total 64192K, used 8496K [0x00000000a5550000, 0x00000000a9400000, 0x00000000f0000000)
   the space 64192K,  13% used [0x00000000a5550000, 0x00000000a5d9c200, 0x00000000a5d9c200, 0x00000000a9400000)
 Metaspace       used 4328K, committed 4480K, reserved 393216K
  class space    used 535K, committed 640K, reserved 327680K
}
Event: 6.610 GC heap after
{Heap after GC invocations=3 (full 0):
 def new generation   total 28864K, used 645K [0x0000000080000000, 0x0000000081f50000, 0x00000000a5550000)
  eden space 25664K,   0% used [0x0000000080000000, 0x0000000080000000, 0x0000000081910000)
  from space 3200K,  20% used [0x0000000081c30000, 0x0000000081cd1530, 0x0000000081f50000)
  to   space 3200K,   0% used [0x0000000081910000, 0x0000000081910000, 0x0000000081c30000)
 tenured generation   total 64192K, used 10575K [0x00000000a5550000, 0x00000000a9400000, 0x00000000f0000000)
   the space 64192K,  16% used [0x00000000a5550000, 0x00000000a5fa3c88, 0x00000000a5fa3e00, 0x00000000a9400000)
 Metaspace       used 4328K, committed 4480K, reserved 393216K
  class space    used 535K, committed 640K, reserved 327680K
}
Event: 7.976 GC heap before
{Heap before GC invocations=3 (full 0):
 def new generation   total 28864K, used 26309K [0x0000000080000000, 0x0000000081f50000, 0x00000000a5550000)
  eden space 25664K, 100% used [0x0000000080000000, 0x0000000081910000, 0x0000000081910000)
  from space 3200K,  20% used [0x0000000081c30000, 0x0000000081cd1530, 0x0000000081f50000)
  to   space 3200K,   0% used [0x0000000081910000, 0x0000000081910000, 0x0000000081c30000)
 tenured generation   total 64192K, used 10575K [0x00000000a5550000, 0x00000000a9400000, 0x00000000f0000000)
   the space 64192K,  16% used [0x00000000a5550000, 0x00000000a5fa3c88, 0x00000000a5fa3e00, 0x00000000a9400000)
 Metaspace       used 4825K, committed 5056K, reserved 393216K
  class space    used 627K, committed 704K, reserved 327680K
}
Event: 7.990 GC heap after
{Heap after GC invocations=4 (full 0):
 def new generation   total 28864K, used 3200K [0x0000000080000000, 0x0000000081f50000, 0x00000000a5550000)
  eden space 25664K,   0% used [0x0000000080000000, 0x0000000080000000, 0x0000000081910000)
  from space 3200K, 100% used [0x0000000081910000, 0x0000000081c30000, 0x0000000081c30000)
  to   space 3200K,   0% used [0x0000000081c30000, 0x0000000081c30000, 0x0000000081f50000)
 tenured generation   total 64192K, used 12463K [0x00000000a5550000, 0x00000000a9400000, 0x00000000f0000000)
   the space 64192K,  19% used [0x00000000a5550000, 0x00000000a617bfe0, 0x00000000a617c000, 0x00000000a9400000)
 Metaspace       used 4825K, committed 5056K, reserved 393216K
  class space    used 627K, committed 704K, reserved 327680K
}
Event: 15.698 GC heap before
{Heap before GC invocations=4 (full 0):
 def new generation   total 28864K, used 28864K [0x0000000080000000, 0x0000000081f50000, 0x00000000a5550000)
  eden space 25664K, 100% used [0x0000000080000000, 0x0000000081910000, 0x0000000081910000)
  from space 3200K, 100% used [0x0000000081910000, 0x0000000081c30000, 0x0000000081c30000)
  to   space 3200K,   0% used [0x0000000081c30000, 0x0000000081c30000, 0x0000000081f50000)
 tenured generation   total 64192K, used 12463K [0x00000000a5550000, 0x00000000a9400000, 0x00000000f0000000)
   the space 64192K,  19% used [0x00000000a5550000, 0x00000000a617bfe0, 0x00000000a617c000, 0x00000000a9400000)
 Metaspace       used 10874K, committed 11072K, reserved 393216K
  class space    used 1449K, committed 1536K, reserved 327680K
}
Event: 15.755 GC heap after
{Heap after GC invocations=5 (full 0):
 def new generation   total 28864K, used 3199K [0x0000000080000000, 0x0000000081f50000, 0x00000000a5550000)
  eden space 25664K,   0% used [0x0000000080000000, 0x0000000080000000, 0x0000000081910000)
  from space 3200K,  99% used [0x0000000081c30000, 0x0000000081f4fff8, 0x0000000081f50000)
  to   space 3200K,   0% used [0x0000000081910000, 0x0000000081910000, 0x0000000081c30000)
 tenured generation   total 64192K, used 15694K [0x00000000a5550000, 0x00000000a9400000, 0x00000000f0000000)
   the space 64192K,  24% used [0x00000000a5550000, 0x00000000a64a3808, 0x00000000a64a3a00, 0x00000000a9400000)
 Metaspace       used 10874K, committed 11072K, reserved 393216K
  class space    used 1449K, committed 1536K, reserved 327680K
}
Event: 27.027 GC heap before
{Heap before GC invocations=5 (full 0):
 def new generation   total 28864K, used 28863K [0x0000000080000000, 0x0000000081f50000, 0x00000000a5550000)
  eden space 25664K, 100% used [0x0000000080000000, 0x0000000081910000, 0x0000000081910000)
  from space 3200K,  99% used [0x0000000081c30000, 0x0000000081f4fff8, 0x0000000081f50000)
  to   space 3200K,   0% used [0x0000000081910000, 0x0000000081910000, 0x0000000081c30000)
 tenured generation   total 64192K, used 15694K [0x00000000a5550000, 0x00000000a9400000, 0x00000000f0000000)
   the space 64192K,  24% used [0x00000000a5550000, 0x00000000a64a3808, 0x00000000a64a3a00, 0x00000000a9400000)
 Metaspace       used 15239K, committed 15552K, reserved 393216K
  class space    used 2081K, committed 2240K, reserved 327680K
}
Event: 27.048 GC heap after
{Heap after GC invocations=6 (full 0):
 def new generation   total 28864K, used 1164K [0x0000000080000000, 0x0000000081f50000, 0x00000000a5550000)
  eden space 25664K,   0% used [0x0000000080000000, 0x0000000080000000, 0x0000000081910000)
  from space 3200K,  36% used [0x0000000081910000, 0x0000000081a33040, 0x0000000081c30000)
  to   space 3200K,   0% used [0x0000000081c30000, 0x0000000081c30000, 0x0000000081f50000)
 tenured generation   total 64192K, used 18871K [0x00000000a5550000, 0x00000000a9400000, 0x00000000f0000000)
   the space 64192K,  29% used [0x00000000a5550000, 0x00000000a67bde68, 0x00000000a67be000, 0x00000000a9400000)
 Metaspace       used 15239K, committed 15552K, reserved 393216K
  class space    used 2081K, committed 2240K, reserved 327680K
}

