# JRE version: OpenJDK Runtime Environment Microsoft-13877129 (17.0.19+10) (build 17.0.19+10-LTS)
# Java VM: OpenJDK 64-Bit Server VM Microsoft-13877129 (17.0.19+10-LTS, mixed mode, sharing, tiered, compressed oops, compressed class ptrs, serial gc, windows-amd64)
GC Precious Log:
 CPUs: 12 total, 12 available
 Memory: 5989M
 Large Page Support: Disabled
 NUMA Support: Disabled
 Compressed Oops: Enabled (32-bit)
 Heap Min Capacity: 8M
 Heap Initial Capacity: 94M
 Heap Max Capacity: 1792M
 Pre-touch: Disabled
Heap:
 def new generation   total 266112K, used 104132K [0x0000000080000000, 0x00000000920c0000, 0x00000000a5550000)
  eden space 236544K,  44% used [0x0000000080000000, 0x00000000865b1348, 0x000000008e700000)
  from space 29568K,   0% used [0x000000008e700000, 0x000000008e700000, 0x00000000903e0000)
  to   space 29568K,   0% used [0x00000000903e0000, 0x00000000903e0000, 0x00000000920c0000)
 tenured generation   total 590572K, used 354342K [0x00000000a5550000, 0x00000000c960b000, 0x00000000f0000000)
   the space 590572K,  59% used [0x00000000a5550000, 0x00000000baf599d0, 0x00000000baf59a00, 0x00000000c960b000)
 Metaspace       used 171680K, committed 173440K, reserved 524288K
  class space    used 22478K, committed 23360K, reserved 327680K
GC Heap History (20 events):
Event: 315.047 GC heap before
{Heap before GC invocations=158 (full 7):
 def new generation   total 188416K, used 171188K [0x0000000080000000, 0x000000008cc70000, 0x00000000a5550000)
  eden space 167488K, 100% used [0x0000000080000000, 0x000000008a390000, 0x000000008a390000)
  from space 20928K,  17% used [0x000000008a390000, 0x000000008a72d080, 0x000000008b800000)
  to   space 20928K,   0% used [0x000000008b800000, 0x000000008b800000, 0x000000008cc70000)
 tenured generation   total 417856K, used 250711K [0x00000000a5550000, 0x00000000bed60000, 0x00000000f0000000)
   the space 417856K,  59% used [0x00000000a5550000, 0x00000000b4a25fb0, 0x00000000b4a26000, 0x00000000bed60000)
 Metaspace       used 170053K, committed 171904K, reserved 524288K
  class space    used 22270K, committed 23168K, reserved 327680K
}
Event: 315.098 GC heap after
{Heap after GC invocations=159 (full 7):
 def new generation   total 188416K, used 4872K [0x0000000080000000, 0x000000008cc70000, 0x00000000a5550000)
  eden space 167488K,   0% used [0x0000000080000000, 0x0000000080000000, 0x000000008a390000)
  from space 20928K,  23% used [0x000000008b800000, 0x000000008bcc20b0, 0x000000008cc70000)
  to   space 20928K,   0% used [0x000000008a390000, 0x000000008a390000, 0x000000008b800000)
 tenured generation   total 417856K, used 250711K [0x00000000a5550000, 0x00000000bed60000, 0x00000000f0000000)
   the space 417856K,  59% used [0x00000000a5550000, 0x00000000b4a25fb0, 0x00000000b4a26000, 0x00000000bed60000)
 Metaspace       used 170053K, committed 171904K, reserved 524288K
  class space    used 22270K, committed 23168K, reserved 327680K
}
Event: 315.746 GC heap before
{Heap before GC invocations=159 (full 7):
 def new generation   total 188416K, used 172360K [0x0000000080000000, 0x000000008cc70000, 0x00000000a5550000)
  eden space 167488K, 100% used [0x0000000080000000, 0x000000008a390000, 0x000000008a390000)
  from space 20928K,  23% used [0x000000008b800000, 0x000000008bcc20b0, 0x000000008cc70000)
  to   space 20928K,   0% used [0x000000008a390000, 0x000000008a390000, 0x000000008b800000)
 tenured generation   total 417856K, used 250711K [0x00000000a5550000, 0x00000000bed60000, 0x00000000f0000000)
   the space 417856K,  59% used [0x00000000a5550000, 0x00000000b4a25fb0, 0x00000000b4a26000, 0x00000000bed60000)
 Metaspace       used 170054K, committed 171904K, reserved 524288K
  class space    used 22270K, committed 23168K, reserved 327680K
}
Event: 315.777 GC heap after
{Heap after GC invocations=160 (full 7):
 def new generation   total 188416K, used 5799K [0x0000000080000000, 0x000000008cc70000, 0x00000000a5550000)
  eden space 167488K,   0% used [0x0000000080000000, 0x0000000080000000, 0x000000008a390000)
  from space 20928K,  27% used [0x000000008a390000, 0x000000008a939cf0, 0x000000008b800000)
  to   space 20928K,   0% used [0x000000008b800000, 0x000000008b800000, 0x000000008cc70000)
 tenured generation   total 417856K, used 250711K [0x00000000a5550000, 0x00000000bed60000, 0x00000000f0000000)
   the space 417856K,  59% used [0x00000000a5550000, 0x00000000b4a25fb0, 0x00000000b4a26000, 0x00000000bed60000)
 Metaspace       used 170054K, committed 171904K, reserved 524288K
  class space    used 22270K, committed 23168K, reserved 327680K
}
Event: 320.494 GC heap before
{Heap before GC invocations=160 (full 7):
 def new generation   total 188416K, used 173287K [0x0000000080000000, 0x000000008cc70000, 0x00000000a5550000)
  eden space 167488K, 100% used [0x0000000080000000, 0x000000008a390000, 0x000000008a390000)
  from space 20928K,  27% used [0x000000008a390000, 0x000000008a939cf0, 0x000000008b800000)
  to   space 20928K,   0% used [0x000000008b800000, 0x000000008b800000, 0x000000008cc70000)
 tenured generation   total 417856K, used 250711K [0x00000000a5550000, 0x00000000bed60000, 0x00000000f0000000)
   the space 417856K,  59% used [0x00000000a5550000, 0x00000000b4a25fb0, 0x00000000b4a26000, 0x00000000bed60000)
 Metaspace       used 170111K, committed 171904K, reserved 524288K
  class space    used 22285K, committed 23168K, reserved 327680K
}
Event: 320.774 GC heap after
{Heap after GC invocations=161 (full 7):
 def new generation   total 188416K, used 6699K [0x0000000080000000, 0x000000008cc70000, 0x00000000a5550000)
  eden space 167488K,   0% used [0x0000000080000000, 0x0000000080000000, 0x000000008a390000)
  from space 20928K,  32% used [0x000000008b800000, 0x000000008be8ae10, 0x000000008cc70000)
  to   space 20928K,   0% used [0x000000008a390000, 0x000000008a390000, 0x000000008b800000)
 tenured generation   total 417856K, used 250711K [0x00000000a5550000, 0x00000000bed60000, 0x00000000f0000000)
   the space 417856K,  59% used [0x00000000a5550000, 0x00000000b4a25fb0, 0x00000000b4a26000, 0x00000000bed60000)
 Metaspace       used 170111K, committed 171904K, reserved 524288K
  class space    used 22285K, committed 23168K, reserved 327680K
}
Event: 321.381 GC heap before
{Heap before GC invocations=161 (full 7):
 def new generation   total 188416K, used 174187K [0x0000000080000000, 0x000000008cc70000, 0x00000000a5550000)
  eden space 167488K, 100% used [0x0000000080000000, 0x000000008a390000, 0x000000008a390000)
  from space 20928K,  32% used [0x000000008b800000, 0x000000008be8ae10, 0x000000008cc70000)
  to   space 20928K,   0% used [0x000000008a390000, 0x000000008a390000, 0x000000008b800000)
 tenured generation   total 417856K, used 250711K [0x00000000a5550000, 0x00000000bed60000, 0x00000000f0000000)
   the space 417856K,  59% used [0x00000000a5550000, 0x00000000b4a25fb0, 0x00000000b4a26000, 0x00000000bed60000)
 Metaspace       used 170111K, committed 171904K, reserved 524288K
  class space    used 22285K, committed 23168K, reserved 327680K
}
Event: 321.416 GC heap after
{Heap after GC invocations=162 (full 7):
 def new generation   total 188416K, used 7371K [0x0000000080000000, 0x000000008cc70000, 0x00000000a5550000)
  eden space 167488K,   0% used [0x0000000080000000, 0x0000000080000000, 0x000000008a390000)
  from space 20928K,  35% used [0x000000008a390000, 0x000000008aac2c88, 0x000000008b800000)
  to   space 20928K,   0% used [0x000000008b800000, 0x000000008b800000, 0x000000008cc70000)
 tenured generation   total 417856K, used 250711K [0x00000000a5550000, 0x00000000bed60000, 0x00000000f0000000)
   the space 417856K,  59% used [0x00000000a5550000, 0x00000000b4a25fb0, 0x00000000b4a26000, 0x00000000bed60000)
 Metaspace       used 170111K, committed 171904K, reserved 524288K
  class space    used 22285K, committed 23168K, reserved 327680K
}
Event: 322.068 GC heap before
{Heap before GC invocations=162 (full 7):
 def new generation   total 188416K, used 174859K [0x0000000080000000, 0x000000008cc70000, 0x00000000a5550000)
  eden space 167488K, 100% used [0x0000000080000000, 0x000000008a390000, 0x000000008a390000)
  from space 20928K,  35% used [0x000000008a390000, 0x000000008aac2c88, 0x000000008b800000)
  to   space 20928K,   0% used [0x000000008b800000, 0x000000008b800000, 0x000000008cc70000)
 tenured generation   total 417856K, used 250711K [0x00000000a5550000, 0x00000000bed60000, 0x00000000f0000000)
   the space 417856K,  59% used [0x00000000a5550000, 0x00000000b4a25fb0, 0x00000000b4a26000, 0x00000000bed60000)
 Metaspace       used 170114K, committed 171904K, reserved 524288K
  class space    used 22285K, committed 23168K, reserved 327680K
}
Event: 322.105 GC heap after
{Heap after GC invocations=163 (full 7):
 def new generation   total 188416K, used 8299K [0x0000000080000000, 0x000000008cc70000, 0x00000000a5550000)
  eden space 167488K,   0% used [0x0000000080000000, 0x0000000080000000, 0x000000008a390000)
  from space 20928K,  39% used [0x000000008b800000, 0x000000008c01ac58, 0x000000008cc70000)
  to   space 20928K,   0% used [0x000000008a390000, 0x000000008a390000, 0x000000008b800000)
 tenured generation   total 417856K, used 250711K [0x00000000a5550000, 0x00000000bed60000, 0x00000000f0000000)
   the space 417856K,  59% used [0x00000000a5550000, 0x00000000b4a25fb0, 0x00000000b4a26000, 0x00000000bed60000)
 Metaspace       used 170114K, committed 171904K, reserved 524288K
  class space    used 22285K, committed 23168K, reserved 327680K
}
Event: 324.530 GC heap before
{Heap before GC invocations=163 (full 7):
 def new generation   total 188416K, used 175787K [0x0000000080000000, 0x000000008cc70000, 0x00000000a5550000)
  eden space 167488K, 100% used [0x0000000080000000, 0x000000008a390000, 0x000000008a390000)
  from space 20928K,  39% used [0x000000008b800000, 0x000000008c01ac58, 0x000000008cc70000)
  to   space 20928K,   0% used [0x000000008a390000, 0x000000008a390000, 0x000000008b800000)
 tenured generation   total 417856K, used 250711K [0x00000000a5550000, 0x00000000bed60000, 0x00000000f0000000)
   the space 417856K,  59% used [0x00000000a5550000, 0x00000000b4a25fb0, 0x00000000b4a26000, 0x00000000bed60000)
 Metaspace       used 170157K, committed 171904K, reserved 524288K
  class space    used 22291K, committed 23168K, reserved 327680K
}
Event: 324.979 GC heap after
{Heap after GC invocations=164 (full 7):
 def new generation   total 188416K, used 20928K [0x0000000080000000, 0x000000008cc70000, 0x00000000a5550000)
  eden space 167488K,   0% used [0x0000000080000000, 0x0000000080000000, 0x000000008a390000)
  from space 20928K, 100% used [0x000000008a390000, 0x000000008b800000, 0x000000008b800000)
  to   space 20928K,   0% used [0x000000008b800000, 0x000000008b800000, 0x000000008cc70000)
 tenured generation   total 417856K, used 251870K [0x00000000a5550000, 0x00000000bed60000, 0x00000000f0000000)
   the space 417856K,  60% used [0x00000000a5550000, 0x00000000b4b47850, 0x00000000b4b47a00, 0x00000000bed60000)
 Metaspace       used 170157K, committed 171904K, reserved 524288K
  class space    used 22291K, committed 23168K, reserved 327680K
}
Event: 331.836 GC heap before
{Heap before GC invocations=164 (full 7):
 def new generation   total 188416K, used 188416K [0x0000000080000000, 0x000000008cc70000, 0x00000000a5550000)
  eden space 167488K, 100% used [0x0000000080000000, 0x000000008a390000, 0x000000008a390000)
  from space 20928K, 100% used [0x000000008a390000, 0x000000008b800000, 0x000000008b800000)
  to   space 20928K,   0% used [0x000000008b800000, 0x000000008b800000, 0x000000008cc70000)
 tenured generation   total 417856K, used 251870K [0x00000000a5550000, 0x00000000bed60000, 0x00000000f0000000)
   the space 417856K,  60% used [0x00000000a5550000, 0x00000000b4b47850, 0x00000000b4b47a00, 0x00000000bed60000)
 Metaspace       used 170884K, committed 172608K, reserved 524288K
  class space    used 22392K, committed 23232K, reserved 327680K
}
Event: 332.243 GC heap after
{Heap after GC invocations=165 (full 7):
 def new generation   total 188416K, used 20928K [0x0000000080000000, 0x000000008cc70000, 0x00000000a5550000)
  eden space 167488K,   0% used [0x0000000080000000, 0x0000000080000000, 0x000000008a390000)
  from space 20928K, 100% used [0x000000008b800000, 0x000000008cc70000, 0x000000008cc70000)
  to   space 20928K,   0% used [0x000000008a390000, 0x000000008a390000, 0x000000008b800000)
 tenured generation   total 417856K, used 294285K [0x00000000a5550000, 0x00000000bed60000, 0x00000000f0000000)
   the space 417856K,  70% used [0x00000000a5550000, 0x00000000b74b37c0, 0x00000000b74b3800, 0x00000000bed60000)
 Metaspace       used 170884K, committed 172608K, reserved 524288K
  class space    used 22392K, committed 23232K, reserved 327680K
}
Event: 333.438 GC heap before
{Heap before GC invocations=165 (full 7):
 def new generation   total 188416K, used 188416K [0x0000000080000000, 0x000000008cc70000, 0x00000000a5550000)
  eden space 167488K, 100% used [0x0000000080000000, 0x000000008a390000, 0x000000008a390000)
  from space 20928K, 100% used [0x000000008b800000, 0x000000008cc70000, 0x000000008cc70000)
  to   space 20928K,   0% used [0x000000008a390000, 0x000000008a390000, 0x000000008b800000)
 tenured generation   total 417856K, used 294285K [0x00000000a5550000, 0x00000000bed60000, 0x00000000f0000000)
   the space 417856K,  70% used [0x00000000a5550000, 0x00000000b74b37c0, 0x00000000b74b3800, 0x00000000bed60000)
 Metaspace       used 171555K, committed 173312K, reserved 524288K
  class space    used 22473K, committed 23296K, reserved 327680K
}
Event: 334.566 GC heap after
{Heap after GC invocations=166 (full 7):
 def new generation   total 188416K, used 20927K [0x0000000080000000, 0x000000008cc70000, 0x00000000a5550000)
  eden space 167488K,   0% used [0x0000000080000000, 0x0000000080000000, 0x000000008a390000)
  from space 20928K,  99% used [0x000000008a390000, 0x000000008b7ffff8, 0x000000008b800000)
  to   space 20928K,   0% used [0x000000008b800000, 0x000000008b800000, 0x000000008cc70000)
 tenured generation   total 417856K, used 365702K [0x00000000a5550000, 0x00000000bed60000, 0x00000000f0000000)
   the space 417856K,  87% used [0x00000000a5550000, 0x00000000bba71940, 0x00000000bba71a00, 0x00000000bed60000)
 Metaspace       used 171555K, committed 173312K, reserved 524288K
  class space    used 22473K, committed 23296K, reserved 327680K
}
Event: 335.740 GC heap before
{Heap before GC invocations=166 (full 7):
 def new generation   total 188416K, used 188415K [0x0000000080000000, 0x000000008cc70000, 0x00000000a5550000)
  eden space 167488K, 100% used [0x0000000080000000, 0x000000008a390000, 0x000000008a390000)
  from space 20928K,  99% used [0x000000008a390000, 0x000000008b7ffff8, 0x000000008b800000)
  to   space 20928K,   0% used [0x000000008b800000, 0x000000008b800000, 0x000000008cc70000)
 tenured generation   total 417856K, used 365702K [0x00000000a5550000, 0x00000000bed60000, 0x00000000f0000000)
   the space 417856K,  87% used [0x00000000a5550000, 0x00000000bba71940, 0x00000000bba71a00, 0x00000000bed60000)
 Metaspace       used 171639K, committed 173376K, reserved 524288K
  class space    used 22476K, committed 23360K, reserved 327680K
}
Event: 344.294 GC heap after
{Heap after GC invocations=167 (full 7):
 def new generation   total 188416K, used 20928K [0x0000000080000000, 0x000000008cc70000, 0x00000000a5550000)
  eden space 167488K,   0% used [0x0000000080000000, 0x0000000080000000, 0x000000008a390000)
  from space 20928K, 100% used [0x000000008b800000, 0x000000008cc70000, 0x000000008cc70000)
  to   space 20928K,   0% used [0x000000008a390000, 0x000000008a390000, 0x000000008b800000)
 tenured generation   total 438596K, used 438560K [0x00000000a5550000, 0x00000000c01a1000, 0x00000000f0000000)
   the space 438596K,  99% used [0x00000000a5550000, 0x00000000c01983b8, 0x00000000c0198400, 0x00000000c01a1000)
 Metaspace       used 171639K, committed 173376K, reserved 524288K
  class space    used 22476K, committed 23360K, reserved 327680K
}
Event: 344.294 GC heap before
{Heap before GC invocations=167 (full 7):
 def new generation   total 188416K, used 20928K [0x0000000080000000, 0x000000008cc70000, 0x00000000a5550000)
  eden space 167488K,   0% used [0x0000000080000000, 0x0000000080000000, 0x000000008a390000)
  from space 20928K, 100% used [0x000000008b800000, 0x000000008cc70000, 0x000000008cc70000)
  to   space 20928K,   0% used [0x000000008a390000, 0x000000008a390000, 0x000000008b800000)
 tenured generation   total 438596K, used 438560K [0x00000000a5550000, 0x00000000c01a1000, 0x00000000f0000000)
   the space 438596K,  99% used [0x00000000a5550000, 0x00000000c01983b8, 0x00000000c0198400, 0x00000000c01a1000)
 Metaspace       used 171639K, committed 173376K, reserved 524288K
  class space    used 22476K, committed 23360K, reserved 327680K
}
Event: 407.380 GC heap after
{Heap after GC invocations=167 (full 8):
 def new generation   total 266112K, used 0K [0x0000000080000000, 0x00000000920c0000, 0x00000000a5550000)
  eden space 236544K,   0% used [0x0000000080000000, 0x0000000080000000, 0x000000008e700000)
  from space 29568K,   0% used [0x000000008e700000, 0x000000008e700000, 0x00000000903e0000)
  to   space 29568K,   0% used [0x00000000903e0000, 0x00000000903e0000, 0x00000000920c0000)
 tenured generation   total 590572K, used 354342K [0x00000000a5550000, 0x00000000c960b000, 0x00000000f0000000)
   the space 590572K,  59% used [0x00000000a5550000, 0x00000000baf599d0, 0x00000000baf59a00, 0x00000000c960b000)
 Metaspace       used 171632K, committed 173376K, reserved 524288K
  class space    used 22474K, committed 23360K, reserved 327680K
}

