# JRE version: OpenJDK Runtime Environment Microsoft-13877129 (17.0.19+10) (build 17.0.19+10-LTS)
# Java VM: OpenJDK 64-Bit Server VM Microsoft-13877129 (17.0.19+10-LTS, mixed mode, sharing, tiered, compressed oops, compressed class ptrs, serial gc, windows-amd64)
GC Precious Log:
 CPUs: 12 total, 12 available
 Memory: 5989M
 Large Page Support: Disabled
 NUMA Support: Disabled
 Compressed Oops: Enabled (32-bit)
 Heap Min Capacity: 8M
 Heap Initial Capacity: 94M
 Heap Max Capacity: 1792M
 Pre-touch: Disabled
Heap:
 def new generation   total 60480K, used 34220K [0x0000000080000000, 0x00000000841a0000, 0x00000000a5550000)
  eden space 53760K,  55% used [0x0000000080000000, 0x0000000081cec138, 0x0000000083480000)
  from space 6720K,  68% used [0x0000000083b10000, 0x0000000083f8f0e0, 0x00000000841a0000)
  to   space 6720K,   0% used [0x0000000083480000, 0x0000000083480000, 0x0000000083b10000)
 tenured generation   total 133796K, used 80277K [0x00000000a5550000, 0x00000000ad7f9000, 0x00000000f0000000)
   the space 133796K,  59% used [0x00000000a5550000, 0x00000000aa3b5428, 0x00000000aa3b5600, 0x00000000ad7f9000)
 Metaspace       used 83396K, committed 84416K, reserved 458752K
  class space    used 11622K, committed 12096K, reserved 327680K
GC Heap History (20 events):
Event: 36.047 GC heap before
{Heap before GC invocations=32 (full 3):
 def new generation   total 36032K, used 34458K [0x0000000080000000, 0x0000000082710000, 0x00000000a5550000)
  eden space 32064K, 100% used [0x0000000080000000, 0x0000000081f50000, 0x0000000081f50000)
  from space 3968K,  60% used [0x0000000081f50000, 0x00000000821a6be8, 0x0000000082330000)
  to   space 3968K,   0% used [0x0000000082330000, 0x0000000082330000, 0x0000000082710000)
 tenured generation   total 79584K, used 56591K [0x00000000a5550000, 0x00000000aa308000, 0x00000000f0000000)
   the space 79584K,  71% used [0x00000000a5550000, 0x00000000a8c93f80, 0x00000000a8c94000, 0x00000000aa308000)
 Metaspace       used 73064K, committed 74048K, reserved 393216K
  class space    used 10503K, committed 10944K, reserved 327680K
}
Event: 36.081 GC heap after
{Heap after GC invocations=33 (full 3):
 def new generation   total 36032K, used 3377K [0x0000000080000000, 0x0000000082710000, 0x00000000a5550000)
  eden space 32064K,   0% used [0x0000000080000000, 0x0000000080000000, 0x0000000081f50000)
  from space 3968K,  85% used [0x0000000082330000, 0x000000008267c5a8, 0x0000000082710000)
  to   space 3968K,   0% used [0x0000000081f50000, 0x0000000081f50000, 0x0000000082330000)
 tenured generation   total 79584K, used 58924K [0x00000000a5550000, 0x00000000aa308000, 0x00000000f0000000)
   the space 79584K,  74% used [0x00000000a5550000, 0x00000000a8edb118, 0x00000000a8edb200, 0x00000000aa308000)
 Metaspace       used 73064K, committed 74048K, reserved 393216K
  class space    used 10503K, committed 10944K, reserved 327680K
}
Event: 38.627 GC heap before
{Heap before GC invocations=33 (full 3):
 def new generation   total 36032K, used 35441K [0x0000000080000000, 0x0000000082710000, 0x00000000a5550000)
  eden space 32064K, 100% used [0x0000000080000000, 0x0000000081f50000, 0x0000000081f50000)
  from space 3968K,  85% used [0x0000000082330000, 0x000000008267c5a8, 0x0000000082710000)
  to   space 3968K,   0% used [0x0000000081f50000, 0x0000000081f50000, 0x0000000082330000)
 tenured generation   total 79584K, used 58924K [0x00000000a5550000, 0x00000000aa308000, 0x00000000f0000000)
   the space 79584K,  74% used [0x00000000a5550000, 0x00000000a8edb118, 0x00000000a8edb200, 0x00000000aa308000)
 Metaspace       used 73711K, committed 74752K, reserved 393216K
  class space    used 10522K, committed 11008K, reserved 327680K
}
Event: 38.659 GC heap after
{Heap after GC invocations=34 (full 3):
 def new generation   total 36032K, used 3058K [0x0000000080000000, 0x0000000082710000, 0x00000000a5550000)
  eden space 32064K,   0% used [0x0000000080000000, 0x0000000080000000, 0x0000000081f50000)
  from space 3968K,  77% used [0x0000000081f50000, 0x000000008224cb50, 0x0000000082330000)
  to   space 3968K,   0% used [0x0000000082330000, 0x0000000082330000, 0x0000000082710000)
 tenured generation   total 79584K, used 62253K [0x00000000a5550000, 0x00000000aa308000, 0x00000000f0000000)
   the space 79584K,  78% used [0x00000000a5550000, 0x00000000a921b4c0, 0x00000000a921b600, 0x00000000aa308000)
 Metaspace       used 73711K, committed 74752K, reserved 393216K
  class space    used 10522K, committed 11008K, reserved 327680K
}
Event: 41.833 GC heap before
{Heap before GC invocations=34 (full 3):
 def new generation   total 36032K, used 35122K [0x0000000080000000, 0x0000000082710000, 0x00000000a5550000)
  eden space 32064K, 100% used [0x0000000080000000, 0x0000000081f50000, 0x0000000081f50000)
  from space 3968K,  77% used [0x0000000081f50000, 0x000000008224cb50, 0x0000000082330000)
  to   space 3968K,   0% used [0x0000000082330000, 0x0000000082330000, 0x0000000082710000)
 tenured generation   total 79584K, used 62253K [0x00000000a5550000, 0x00000000aa308000, 0x00000000f0000000)
   the space 79584K,  78% used [0x00000000a5550000, 0x00000000a921b4c0, 0x00000000a921b600, 0x00000000aa308000)
 Metaspace       used 73810K, committed 74880K, reserved 393216K
  class space    used 10523K, committed 11008K, reserved 327680K
}
Event: 41.854 GC heap after
{Heap after GC invocations=35 (full 3):
 def new generation   total 36032K, used 1412K [0x0000000080000000, 0x0000000082710000, 0x00000000a5550000)
  eden space 32064K,   0% used [0x0000000080000000, 0x0000000080000000, 0x0000000081f50000)
  from space 3968K,  35% used [0x0000000082330000, 0x00000000824911e8, 0x0000000082710000)
  to   space 3968K,   0% used [0x0000000081f50000, 0x0000000081f50000, 0x0000000082330000)
 tenured generation   total 79584K, used 65263K [0x00000000a5550000, 0x00000000aa308000, 0x00000000f0000000)
   the space 79584K,  82% used [0x00000000a5550000, 0x00000000a950bfd8, 0x00000000a950c000, 0x00000000aa308000)
 Metaspace       used 73810K, committed 74880K, reserved 393216K
  class space    used 10523K, committed 11008K, reserved 327680K
}
Event: 45.591 GC heap before
{Heap before GC invocations=35 (full 3):
 def new generation   total 36032K, used 33476K [0x0000000080000000, 0x0000000082710000, 0x00000000a5550000)
  eden space 32064K, 100% used [0x0000000080000000, 0x0000000081f50000, 0x0000000081f50000)
  from space 3968K,  35% used [0x0000000082330000, 0x00000000824911e8, 0x0000000082710000)
  to   space 3968K,   0% used [0x0000000081f50000, 0x0000000081f50000, 0x0000000082330000)
 tenured generation   total 79584K, used 65263K [0x00000000a5550000, 0x00000000aa308000, 0x00000000f0000000)
   the space 79584K,  82% used [0x00000000a5550000, 0x00000000a950bfd8, 0x00000000a950c000, 0x00000000aa308000)
 Metaspace       used 73838K, committed 74880K, reserved 393216K
  class space    used 10523K, committed 11008K, reserved 327680K
}
Event: 45.613 GC heap after
{Heap after GC invocations=36 (full 3):
 def new generation   total 36032K, used 2897K [0x0000000080000000, 0x0000000082710000, 0x00000000a5550000)
  eden space 32064K,   0% used [0x0000000080000000, 0x0000000080000000, 0x0000000081f50000)
  from space 3968K,  73% used [0x0000000081f50000, 0x0000000082224468, 0x0000000082330000)
  to   space 3968K,   0% used [0x0000000082330000, 0x0000000082330000, 0x0000000082710000)
 tenured generation   total 79584K, used 65263K [0x00000000a5550000, 0x00000000aa308000, 0x00000000f0000000)
   the space 79584K,  82% used [0x00000000a5550000, 0x00000000a950bfd8, 0x00000000a950c000, 0x00000000aa308000)
 Metaspace       used 73838K, committed 74880K, reserved 393216K
  class space    used 10523K, committed 11008K, reserved 327680K
}
Event: 49.460 GC heap before
{Heap before GC invocations=36 (full 3):
 def new generation   total 36032K, used 34961K [0x0000000080000000, 0x0000000082710000, 0x00000000a5550000)
  eden space 32064K, 100% used [0x0000000080000000, 0x0000000081f50000, 0x0000000081f50000)
  from space 3968K,  73% used [0x0000000081f50000, 0x0000000082224468, 0x0000000082330000)
  to   space 3968K,   0% used [0x0000000082330000, 0x0000000082330000, 0x0000000082710000)
 tenured generation   total 79584K, used 65263K [0x00000000a5550000, 0x00000000aa308000, 0x00000000f0000000)
   the space 79584K,  82% used [0x00000000a5550000, 0x00000000a950bfd8, 0x00000000a950c000, 0x00000000aa308000)
 Metaspace       used 73842K, committed 74880K, reserved 393216K
  class space    used 10523K, committed 11008K, reserved 327680K
}
Event: 49.483 GC heap after
{Heap after GC invocations=37 (full 3):
 def new generation   total 36032K, used 2871K [0x0000000080000000, 0x0000000082710000, 0x00000000a5550000)
  eden space 32064K,   0% used [0x0000000080000000, 0x0000000080000000, 0x0000000081f50000)
  from space 3968K,  72% used [0x0000000082330000, 0x00000000825fdd20, 0x0000000082710000)
  to   space 3968K,   0% used [0x0000000081f50000, 0x0000000081f50000, 0x0000000082330000)
 tenured generation   total 79584K, used 66621K [0x00000000a5550000, 0x00000000aa308000, 0x00000000f0000000)
   the space 79584K,  83% used [0x00000000a5550000, 0x00000000a965f7a0, 0x00000000a965f800, 0x00000000aa308000)
 Metaspace       used 73842K, committed 74880K, reserved 393216K
  class space    used 10523K, committed 11008K, reserved 327680K
}
Event: 52.043 GC heap before
{Heap before GC invocations=37 (full 3):
 def new generation   total 36032K, used 34935K [0x0000000080000000, 0x0000000082710000, 0x00000000a5550000)
  eden space 32064K, 100% used [0x0000000080000000, 0x0000000081f50000, 0x0000000081f50000)
  from space 3968K,  72% used [0x0000000082330000, 0x00000000825fdd20, 0x0000000082710000)
  to   space 3968K,   0% used [0x0000000081f50000, 0x0000000081f50000, 0x0000000082330000)
 tenured generation   total 79584K, used 66621K [0x00000000a5550000, 0x00000000aa308000, 0x00000000f0000000)
   the space 79584K,  83% used [0x00000000a5550000, 0x00000000a965f7a0, 0x00000000a965f800, 0x00000000aa308000)
 Metaspace       used 73869K, committed 74880K, reserved 393216K
  class space    used 10525K, committed 11008K, reserved 327680K
}
Event: 52.072 GC heap after
{Heap after GC invocations=38 (full 3):
 def new generation   total 36032K, used 3968K [0x0000000080000000, 0x0000000082710000, 0x00000000a5550000)
  eden space 32064K,   0% used [0x0000000080000000, 0x0000000080000000, 0x0000000081f50000)
  from space 3968K, 100% used [0x0000000081f50000, 0x0000000082330000, 0x0000000082330000)
  to   space 3968K,   0% used [0x0000000082330000, 0x0000000082330000, 0x0000000082710000)
 tenured generation   total 79584K, used 68192K [0x00000000a5550000, 0x00000000aa308000, 0x00000000f0000000)
   the space 79584K,  85% used [0x00000000a5550000, 0x00000000a97e8260, 0x00000000a97e8400, 0x00000000aa308000)
 Metaspace       used 73869K, committed 74880K, reserved 393216K
  class space    used 10525K, committed 11008K, reserved 327680K
}
Event: 55.590 GC heap before
{Heap before GC invocations=38 (full 3):
 def new generation   total 36032K, used 36032K [0x0000000080000000, 0x0000000082710000, 0x00000000a5550000)
  eden space 32064K, 100% used [0x0000000080000000, 0x0000000081f50000, 0x0000000081f50000)
  from space 3968K, 100% used [0x0000000081f50000, 0x0000000082330000, 0x0000000082330000)
  to   space 3968K,   0% used [0x0000000082330000, 0x0000000082330000, 0x0000000082710000)
 tenured generation   total 79584K, used 68192K [0x00000000a5550000, 0x00000000aa308000, 0x00000000f0000000)
   the space 79584K,  85% used [0x00000000a5550000, 0x00000000a97e8260, 0x00000000a97e8400, 0x00000000aa308000)
 Metaspace       used 74839K, committed 75840K, reserved 393216K
  class space    used 10630K, committed 11072K, reserved 327680K
}
Event: 55.643 GC heap after
{Heap after GC invocations=39 (full 3):
 def new generation   total 36032K, used 3968K [0x0000000080000000, 0x0000000082710000, 0x00000000a5550000)
  eden space 32064K,   0% used [0x0000000080000000, 0x0000000080000000, 0x0000000081f50000)
  from space 3968K, 100% used [0x0000000082330000, 0x0000000082710000, 0x0000000082710000)
  to   space 3968K,   0% used [0x0000000081f50000, 0x0000000081f50000, 0x0000000082330000)
 tenured generation   total 79584K, used 78146K [0x00000000a5550000, 0x00000000aa308000, 0x00000000f0000000)
   the space 79584K,  98% used [0x00000000a5550000, 0x00000000aa1a0a50, 0x00000000aa1a0c00, 0x00000000aa308000)
 Metaspace       used 74839K, committed 75840K, reserved 393216K
  class space    used 10630K, committed 11072K, reserved 327680K
}
Event: 58.732 GC heap before
{Heap before GC invocations=39 (full 3):
 def new generation   total 36032K, used 36032K [0x0000000080000000, 0x0000000082710000, 0x00000000a5550000)
  eden space 32064K, 100% used [0x0000000080000000, 0x0000000081f50000, 0x0000000081f50000)
  from space 3968K, 100% used [0x0000000082330000, 0x0000000082710000, 0x0000000082710000)
  to   space 3968K,   0% used [0x0000000081f50000, 0x0000000081f50000, 0x0000000082330000)
 tenured generation   total 79584K, used 78146K [0x00000000a5550000, 0x00000000aa308000, 0x00000000f0000000)
   the space 79584K,  98% used [0x00000000a5550000, 0x00000000aa1a0a50, 0x00000000aa1a0c00, 0x00000000aa308000)
 Metaspace       used 77476K, committed 78592K, reserved 458752K
  class space    used 10919K, committed 11456K, reserved 327680K
}
Event: 58.742 GC heap after
{Heap after GC invocations=40 (full 3):
 def new generation   total 36032K, used 1021K [0x0000000080000000, 0x0000000082710000, 0x00000000a5550000)
  eden space 32064K,   0% used [0x0000000080000000, 0x0000000080000000, 0x0000000081f50000)
  from space 3968K,  25% used [0x0000000081f50000, 0x000000008204f600, 0x0000000082330000)
  to   space 3968K,   0% used [0x0000000082330000, 0x0000000082330000, 0x0000000082710000)
 tenured generation   total 82140K, used 82096K [0x00000000a5550000, 0x00000000aa587000, 0x00000000f0000000)
   the space 82140K,  99% used [0x00000000a5550000, 0x00000000aa57c168, 0x00000000aa57c200, 0x00000000aa587000)
 Metaspace       used 77476K, committed 78592K, reserved 458752K
  class space    used 10919K, committed 11456K, reserved 327680K
}
Event: 58.743 GC heap before
{Heap before GC invocations=40 (full 3):
 def new generation   total 36032K, used 1021K [0x0000000080000000, 0x0000000082710000, 0x00000000a5550000)
  eden space 32064K,   0% used [0x0000000080000000, 0x0000000080000000, 0x0000000081f50000)
  from space 3968K,  25% used [0x0000000081f50000, 0x000000008204f600, 0x0000000082330000)
  to   space 3968K,   0% used [0x0000000082330000, 0x0000000082330000, 0x0000000082710000)
 tenured generation   total 82140K, used 82096K [0x00000000a5550000, 0x00000000aa587000, 0x00000000f0000000)
   the space 82140K,  99% used [0x00000000a5550000, 0x00000000aa57c168, 0x00000000aa57c200, 0x00000000aa587000)
 Metaspace       used 77476K, committed 78592K, reserved 458752K
  class space    used 10919K, committed 11456K, reserved 327680K
}
Event: 60.222 GC heap after
{Heap after GC invocations=40 (full 4):
 def new generation   total 60480K, used 0K [0x0000000080000000, 0x00000000841a0000, 0x00000000a5550000)
  eden space 53760K,   0% used [0x0000000080000000, 0x0000000080000000, 0x0000000083480000)
  from space 6720K,   0% used [0x0000000083480000, 0x0000000083480000, 0x0000000083b10000)
  to   space 6720K,   0% used [0x0000000083b10000, 0x0000000083b10000, 0x00000000841a0000)
 tenured generation   total 133796K, used 80277K [0x00000000a5550000, 0x00000000ad7f9000, 0x00000000f0000000)
   the space 133796K,  59% used [0x00000000a5550000, 0x00000000aa3b5428, 0x00000000aa3b5600, 0x00000000ad7f9000)
 Metaspace       used 77476K, committed 78592K, reserved 458752K
  class space    used 10919K, committed 11456K, reserved 327680K
}
Event: 61.923 GC heap before
{Heap before GC invocations=40 (full 4):
 def new generation   total 60480K, used 53760K [0x0000000080000000, 0x00000000841a0000, 0x00000000a5550000)
  eden space 53760K, 100% used [0x0000000080000000, 0x0000000083480000, 0x0000000083480000)
  from space 6720K,   0% used [0x0000000083480000, 0x0000000083480000, 0x0000000083b10000)
  to   space 6720K,   0% used [0x0000000083b10000, 0x0000000083b10000, 0x00000000841a0000)
 tenured generation   total 133796K, used 80277K [0x00000000a5550000, 0x00000000ad7f9000, 0x00000000f0000000)
   the space 133796K,  59% used [0x00000000a5550000, 0x00000000aa3b5428, 0x00000000aa3b5600, 0x00000000ad7f9000)
 Metaspace       used 81616K, committed 82752K, reserved 458752K
  class space    used 11368K, committed 11904K, reserved 327680K
}
Event: 61.952 GC heap after
{Heap after GC invocations=41 (full 4):
 def new generation   total 60480K, used 4604K [0x0000000080000000, 0x00000000841a0000, 0x00000000a5550000)
  eden space 53760K,   0% used [0x0000000080000000, 0x0000000080000000, 0x0000000083480000)
  from space 6720K,  68% used [0x0000000083b10000, 0x0000000083f8f0e0, 0x00000000841a0000)
  to   space 6720K,   0% used [0x0000000083480000, 0x0000000083480000, 0x0000000083b10000)
 tenured generation   total 133796K, used 80277K [0x00000000a5550000, 0x00000000ad7f9000, 0x00000000f0000000)
   the space 133796K,  59% used [0x00000000a5550000, 0x00000000aa3b5428, 0x00000000aa3b5600, 0x00000000ad7f9000)
 Metaspace       used 81616K, committed 82752K, reserved 458752K
  class space    used 11368K, committed 11904K, reserved 327680K
}

