# JRE version: OpenJDK Runtime Environment Microsoft-13877129 (17.0.19+10) (build 17.0.19+10-LTS)
# Java VM: OpenJDK 64-Bit Server VM Microsoft-13877129 (17.0.19+10-LTS, mixed mode, sharing, tiered, compressed oops, compressed class ptrs, g1 gc, windows-amd64)
GC Precious Log:
 CPUs: 12 total, 12 available
 Memory: 5989M
 Large Page Support: Disabled
 NUMA Support: Disabled
 Compressed Oops: Enabled (32-bit)
 Heap Region Size: 1M
 Heap Min Capacity: 8M
 Heap Initial Capacity: 94M
 Heap Max Capacity: 2G
 Pre-touch: Disabled
 Parallel Workers: 10
 Concurrent Workers: 3
 Concurrent Refinement Workers: 10
 Periodic GC: Disabled
Heap:
 garbage-first heap   total 106496K, used 72473K [0x0000000080000000, 0x0000000100000000)
  region size 1024K, 10 young (10240K), 4 survivors (4096K)
 Metaspace       used 72876K, committed 73664K, reserved 491520K
  class space    used 10396K, committed 10752K, reserved 425984K
GC Heap History (20 events):
Event: 52.148 GC heap before
{Heap before GC invocations=24 (full 0):
 garbage-first heap   total 102400K, used 71376K [0x0000000080000000, 0x0000000100000000)
  region size 1024K, 15 young (15360K), 2 survivors (2048K)
 Metaspace       used 61940K, committed 62720K, reserved 491520K
  class space    used 8806K, committed 9152K, reserved 425984K
}
Event: 52.153 GC heap after
{Heap after GC invocations=25 (full 0):
 garbage-first heap   total 102400K, used 59890K [0x0000000080000000, 0x0000000100000000)
  region size 1024K, 1 young (1024K), 1 survivors (1024K)
 Metaspace       used 61940K, committed 62720K, reserved 491520K
  class space    used 8806K, committed 9152K, reserved 425984K
}
Event: 52.551 GC heap before
{Heap before GC invocations=25 (full 0):
 garbage-first heap   total 102400K, used 63986K [0x0000000080000000, 0x0000000100000000)
  region size 1024K, 5 young (5120K), 1 survivors (1024K)
 Metaspace       used 62193K, committed 62976K, reserved 491520K
  class space    used 8847K, committed 9216K, reserved 425984K
}
Event: 52.555 GC heap after
{Heap after GC invocations=26 (full 0):
 garbage-first heap   total 102400K, used 59732K [0x0000000080000000, 0x0000000100000000)
  region size 1024K, 1 young (1024K), 1 survivors (1024K)
 Metaspace       used 62193K, committed 62976K, reserved 491520K
  class space    used 8847K, committed 9216K, reserved 425984K
}
Event: 53.987 GC heap before
{Heap before GC invocations=26 (full 0):
 garbage-first heap   total 102400K, used 83284K [0x0000000080000000, 0x0000000100000000)
  region size 1024K, 25 young (25600K), 1 survivors (1024K)
 Metaspace       used 63796K, committed 64576K, reserved 491520K
  class space    used 9080K, committed 9408K, reserved 425984K
}
Event: 53.992 GC heap after
{Heap after GC invocations=27 (full 0):
 garbage-first heap   total 102400K, used 60961K [0x0000000080000000, 0x0000000100000000)
  region size 1024K, 2 young (2048K), 2 survivors (2048K)
 Metaspace       used 63796K, committed 64576K, reserved 491520K
  class space    used 9080K, committed 9408K, reserved 425984K
}
Event: 55.512 GC heap before
{Heap before GC invocations=28 (full 0):
 garbage-first heap   total 106496K, used 82465K [0x0000000080000000, 0x0000000100000000)
  region size 1024K, 24 young (24576K), 2 survivors (2048K)
 Metaspace       used 65154K, committed 65920K, reserved 491520K
  class space    used 9258K, committed 9600K, reserved 425984K
}
Event: 55.516 GC heap after
{Heap after GC invocations=29 (full 0):
 garbage-first heap   total 106496K, used 61649K [0x0000000080000000, 0x0000000100000000)
  region size 1024K, 3 young (3072K), 3 survivors (3072K)
 Metaspace       used 65154K, committed 65920K, reserved 491520K
  class space    used 9258K, committed 9600K, reserved 425984K
}
Event: 55.625 GC heap before
{Heap before GC invocations=29 (full 0):
 garbage-first heap   total 106496K, used 63697K [0x0000000080000000, 0x0000000100000000)
  region size 1024K, 5 young (5120K), 3 survivors (3072K)
 Metaspace       used 65434K, committed 66240K, reserved 491520K
  class space    used 9310K, committed 9664K, reserved 425984K
}
Event: 55.629 GC heap after
{Heap after GC invocations=30 (full 0):
 garbage-first heap   total 106496K, used 61396K [0x0000000080000000, 0x0000000100000000)
  region size 1024K, 1 young (1024K), 1 survivors (1024K)
 Metaspace       used 65434K, committed 66240K, reserved 491520K
  class space    used 9310K, committed 9664K, reserved 425984K
}
Event: 57.945 GC heap before
{Heap before GC invocations=30 (full 0):
 garbage-first heap   total 106496K, used 88020K [0x0000000080000000, 0x0000000100000000)
  region size 1024K, 27 young (27648K), 1 survivors (1024K)
 Metaspace       used 67572K, committed 68352K, reserved 491520K
  class space    used 9685K, committed 10048K, reserved 425984K
}
Event: 57.949 GC heap after
{Heap after GC invocations=31 (full 0):
 garbage-first heap   total 106496K, used 62091K [0x0000000080000000, 0x0000000100000000)
  region size 1024K, 1 young (1024K), 1 survivors (1024K)
 Metaspace       used 67572K, committed 68352K, reserved 491520K
  class space    used 9685K, committed 10048K, reserved 425984K
}
Event: 62.077 GC heap before
{Heap before GC invocations=32 (full 0):
 garbage-first heap   total 106496K, used 89739K [0x0000000080000000, 0x0000000100000000)
  region size 1024K, 27 young (27648K), 1 survivors (1024K)
 Metaspace       used 69556K, committed 70400K, reserved 491520K
  class space    used 9929K, committed 10304K, reserved 425984K
}
Event: 62.081 GC heap after
{Heap after GC invocations=33 (full 0):
 garbage-first heap   total 106496K, used 62957K [0x0000000080000000, 0x0000000100000000)
  region size 1024K, 2 young (2048K), 2 survivors (2048K)
 Metaspace       used 69556K, committed 70400K, reserved 491520K
  class space    used 9929K, committed 10304K, reserved 425984K
}
Event: 62.288 GC heap before
{Heap before GC invocations=33 (full 0):
 garbage-first heap   total 106496K, used 66029K [0x0000000080000000, 0x0000000100000000)
  region size 1024K, 5 young (5120K), 2 survivors (2048K)
 Metaspace       used 69830K, committed 70656K, reserved 491520K
  class space    used 9971K, committed 10368K, reserved 425984K
}
Event: 62.293 GC heap after
{Heap after GC invocations=34 (full 0):
 garbage-first heap   total 106496K, used 62847K [0x0000000080000000, 0x0000000100000000)
  region size 1024K, 1 young (1024K), 1 survivors (1024K)
 Metaspace       used 69830K, committed 70656K, reserved 491520K
  class space    used 9971K, committed 10368K, reserved 425984K
}
Event: 64.830 GC heap before
{Heap before GC invocations=34 (full 0):
 garbage-first heap   total 106496K, used 87423K [0x0000000080000000, 0x0000000100000000)
  region size 1024K, 26 young (26624K), 1 survivors (1024K)
 Metaspace       used 71296K, committed 72128K, reserved 491520K
  class space    used 10186K, committed 10560K, reserved 425984K
}
Event: 64.834 GC heap after
{Heap after GC invocations=35 (full 0):
 garbage-first heap   total 106496K, used 64021K [0x0000000080000000, 0x0000000100000000)
  region size 1024K, 2 young (2048K), 2 survivors (2048K)
 Metaspace       used 71296K, committed 72128K, reserved 491520K
  class space    used 10186K, committed 10560K, reserved 425984K
}
Event: 65.971 GC heap before
{Heap before GC invocations=35 (full 0):
 garbage-first heap   total 106496K, used 88597K [0x0000000080000000, 0x0000000100000000)
  region size 1024K, 26 young (26624K), 2 survivors (2048K)
 Metaspace       used 72317K, committed 73088K, reserved 491520K
  class space    used 10337K, committed 10688K, reserved 425984K
}
Event: 65.976 GC heap after
{Heap after GC invocations=36 (full 0):
 garbage-first heap   total 106496K, used 67353K [0x0000000080000000, 0x0000000100000000)
  region size 1024K, 4 young (4096K), 4 survivors (4096K)
 Metaspace       used 72317K, committed 73088K, reserved 491520K
  class space    used 10337K, committed 10688K, reserved 425984K
}

