# JRE version: OpenJDK Runtime Environment Microsoft-13877129 (17.0.19+10) (build 17.0.19+10-LTS)
# Java VM: OpenJDK 64-Bit Server VM Microsoft-13877129 (17.0.19+10-LTS, mixed mode, sharing, tiered, compressed oops, compressed class ptrs, serial gc, windows-amd64)
GC Precious Log:
 CPUs: 12 total, 12 available
 Memory: 5989M
 Large Page Support: Disabled
 NUMA Support: Disabled
 Compressed Oops: Enabled (32-bit)
 Heap Min Capacity: 8M
 Heap Initial Capacity: 94M
 Heap Max Capacity: 1792M
 Pre-touch: Disabled
Heap:
 def new generation   total 60736K, used 43041K [0x0000000080000000, 0x00000000841e0000, 0x00000000a5550000)
  eden space 54016K,  73% used [0x0000000080000000, 0x00000000826987a8, 0x00000000834c0000)
  from space 6720K,  52% used [0x0000000083b50000, 0x0000000083ebfeb0, 0x00000000841e0000)
  to   space 6720K,   0% used [0x00000000834c0000, 0x00000000834c0000, 0x0000000083b50000)
 tenured generation   total 134252K, used 134177K [0x00000000a5550000, 0x00000000ad86b000, 0x00000000f0000000)
   the space 134252K,  99% used [0x00000000a5550000, 0x00000000ad858628, 0x00000000ad858800, 0x00000000ad86b000)
 Metaspace       used 113961K, committed 115328K, reserved 458752K
  class space    used 15925K, committed 16576K, reserved 327680K
GC Heap History (20 events):
Event: 353.053 GC heap before
{Heap before GC invocations=48 (full 4):
 def new generation   total 59776K, used 57130K [0x0000000080000000, 0x00000000840d0000, 0x00000000a5550000)
  eden space 53184K, 100% used [0x0000000080000000, 0x00000000833f0000, 0x00000000833f0000)
  from space 6592K,  59% used [0x0000000083a60000, 0x0000000083e3abd8, 0x00000000840d0000)
  to   space 6592K,   0% used [0x00000000833f0000, 0x00000000833f0000, 0x0000000083a60000)
 tenured generation   total 132140K, used 99386K [0x00000000a5550000, 0x00000000ad65b000, 0x00000000f0000000)
   the space 132140K,  75% used [0x00000000a5550000, 0x00000000ab65ea78, 0x00000000ab65ec00, 0x00000000ad65b000)
 Metaspace       used 105292K, committed 106560K, reserved 458752K
  class space    used 14662K, committed 15296K, reserved 327680K
}
Event: 353.101 GC heap after
{Heap after GC invocations=49 (full 4):
 def new generation   total 59776K, used 3171K [0x0000000080000000, 0x00000000840d0000, 0x00000000a5550000)
  eden space 53184K,   0% used [0x0000000080000000, 0x0000000080000000, 0x00000000833f0000)
  from space 6592K,  48% used [0x00000000833f0000, 0x0000000083708ff8, 0x0000000083a60000)
  to   space 6592K,   0% used [0x0000000083a60000, 0x0000000083a60000, 0x00000000840d0000)
 tenured generation   total 132140K, used 102057K [0x00000000a5550000, 0x00000000ad65b000, 0x00000000f0000000)
   the space 132140K,  77% used [0x00000000a5550000, 0x00000000ab8fa680, 0x00000000ab8fa800, 0x00000000ad65b000)
 Metaspace       used 105292K, committed 106560K, reserved 458752K
  class space    used 14662K, committed 15296K, reserved 327680K
}
Event: 354.972 GC heap before
{Heap before GC invocations=49 (full 4):
 def new generation   total 59776K, used 56355K [0x0000000080000000, 0x00000000840d0000, 0x00000000a5550000)
  eden space 53184K, 100% used [0x0000000080000000, 0x00000000833f0000, 0x00000000833f0000)
  from space 6592K,  48% used [0x00000000833f0000, 0x0000000083708ff8, 0x0000000083a60000)
  to   space 6592K,   0% used [0x0000000083a60000, 0x0000000083a60000, 0x00000000840d0000)
 tenured generation   total 132140K, used 102057K [0x00000000a5550000, 0x00000000ad65b000, 0x00000000f0000000)
   the space 132140K,  77% used [0x00000000a5550000, 0x00000000ab8fa680, 0x00000000ab8fa800, 0x00000000ad65b000)
 Metaspace       used 108637K, committed 109952K, reserved 458752K
  class space    used 15106K, committed 15744K, reserved 327680K
}
Event: 355.017 GC heap after
{Heap after GC invocations=50 (full 4):
 def new generation   total 59776K, used 6178K [0x0000000080000000, 0x00000000840d0000, 0x00000000a5550000)
  eden space 53184K,   0% used [0x0000000080000000, 0x0000000080000000, 0x00000000833f0000)
  from space 6592K,  93% used [0x0000000083a60000, 0x0000000084068930, 0x00000000840d0000)
  to   space 6592K,   0% used [0x00000000833f0000, 0x00000000833f0000, 0x0000000083a60000)
 tenured generation   total 132140K, used 102512K [0x00000000a5550000, 0x00000000ad65b000, 0x00000000f0000000)
   the space 132140K,  77% used [0x00000000a5550000, 0x00000000ab96c228, 0x00000000ab96c400, 0x00000000ad65b000)
 Metaspace       used 108637K, committed 109952K, reserved 458752K
  class space    used 15106K, committed 15744K, reserved 327680K
}
Event: 359.382 GC heap before
{Heap before GC invocations=50 (full 4):
 def new generation   total 59776K, used 59362K [0x0000000080000000, 0x00000000840d0000, 0x00000000a5550000)
  eden space 53184K, 100% used [0x0000000080000000, 0x00000000833f0000, 0x00000000833f0000)
  from space 6592K,  93% used [0x0000000083a60000, 0x0000000084068930, 0x00000000840d0000)
  to   space 6592K,   0% used [0x00000000833f0000, 0x00000000833f0000, 0x0000000083a60000)
 tenured generation   total 132140K, used 102512K [0x00000000a5550000, 0x00000000ad65b000, 0x00000000f0000000)
   the space 132140K,  77% used [0x00000000a5550000, 0x00000000ab96c228, 0x00000000ab96c400, 0x00000000ad65b000)
 Metaspace       used 108980K, committed 110272K, reserved 458752K
  class space    used 15120K, committed 15744K, reserved 327680K
}
Event: 359.469 GC heap after
{Heap after GC invocations=51 (full 4):
 def new generation   total 59776K, used 6592K [0x0000000080000000, 0x00000000840d0000, 0x00000000a5550000)
  eden space 53184K,   0% used [0x0000000080000000, 0x0000000080000000, 0x00000000833f0000)
  from space 6592K, 100% used [0x00000000833f0000, 0x0000000083a60000, 0x0000000083a60000)
  to   space 6592K,   0% used [0x0000000083a60000, 0x0000000083a60000, 0x00000000840d0000)
 tenured generation   total 132140K, used 106065K [0x00000000a5550000, 0x00000000ad65b000, 0x00000000f0000000)
   the space 132140K,  80% used [0x00000000a5550000, 0x00000000abce4750, 0x00000000abce4800, 0x00000000ad65b000)
 Metaspace       used 108980K, committed 110272K, reserved 458752K
  class space    used 15120K, committed 15744K, reserved 327680K
}
Event: 364.323 GC heap before
{Heap before GC invocations=51 (full 4):
 def new generation   total 59776K, used 59776K [0x0000000080000000, 0x00000000840d0000, 0x00000000a5550000)
  eden space 53184K, 100% used [0x0000000080000000, 0x00000000833f0000, 0x00000000833f0000)
  from space 6592K, 100% used [0x00000000833f0000, 0x0000000083a60000, 0x0000000083a60000)
  to   space 6592K,   0% used [0x0000000083a60000, 0x0000000083a60000, 0x00000000840d0000)
 tenured generation   total 132140K, used 106065K [0x00000000a5550000, 0x00000000ad65b000, 0x00000000f0000000)
   the space 132140K,  80% used [0x00000000a5550000, 0x00000000abce4750, 0x00000000abce4800, 0x00000000ad65b000)
 Metaspace       used 108981K, committed 110272K, reserved 458752K
  class space    used 15120K, committed 15744K, reserved 327680K
}
Event: 364.374 GC heap after
{Heap after GC invocations=52 (full 4):
 def new generation   total 59776K, used 2490K [0x0000000080000000, 0x00000000840d0000, 0x00000000a5550000)
  eden space 53184K,   0% used [0x0000000080000000, 0x0000000080000000, 0x00000000833f0000)
  from space 6592K,  37% used [0x0000000083a60000, 0x0000000083cce890, 0x00000000840d0000)
  to   space 6592K,   0% used [0x00000000833f0000, 0x00000000833f0000, 0x0000000083a60000)
 tenured generation   total 132140K, used 112638K [0x00000000a5550000, 0x00000000ad65b000, 0x00000000f0000000)
   the space 132140K,  85% used [0x00000000a5550000, 0x00000000ac34f8c0, 0x00000000ac34fa00, 0x00000000ad65b000)
 Metaspace       used 108981K, committed 110272K, reserved 458752K
  class space    used 15120K, committed 15744K, reserved 327680K
}
Event: 371.130 GC heap before
{Heap before GC invocations=52 (full 4):
 def new generation   total 59776K, used 55674K [0x0000000080000000, 0x00000000840d0000, 0x00000000a5550000)
  eden space 53184K, 100% used [0x0000000080000000, 0x00000000833f0000, 0x00000000833f0000)
  from space 6592K,  37% used [0x0000000083a60000, 0x0000000083cce890, 0x00000000840d0000)
  to   space 6592K,   0% used [0x00000000833f0000, 0x00000000833f0000, 0x0000000083a60000)
 tenured generation   total 132140K, used 112638K [0x00000000a5550000, 0x00000000ad65b000, 0x00000000f0000000)
   the space 132140K,  85% used [0x00000000a5550000, 0x00000000ac34f8c0, 0x00000000ac34fa00, 0x00000000ad65b000)
 Metaspace       used 109518K, committed 110784K, reserved 458752K
  class space    used 15185K, committed 15808K, reserved 327680K
}
Event: 371.206 GC heap after
{Heap after GC invocations=53 (full 4):
 def new generation   total 59776K, used 6592K [0x0000000080000000, 0x00000000840d0000, 0x00000000a5550000)
  eden space 53184K,   0% used [0x0000000080000000, 0x0000000080000000, 0x00000000833f0000)
  from space 6592K, 100% used [0x00000000833f0000, 0x0000000083a60000, 0x0000000083a60000)
  to   space 6592K,   0% used [0x0000000083a60000, 0x0000000083a60000, 0x00000000840d0000)
 tenured generation   total 132140K, used 117134K [0x00000000a5550000, 0x00000000ad65b000, 0x00000000f0000000)
   the space 132140K,  88% used [0x00000000a5550000, 0x00000000ac7b3800, 0x00000000ac7b3800, 0x00000000ad65b000)
 Metaspace       used 109518K, committed 110784K, reserved 458752K
  class space    used 15185K, committed 15808K, reserved 327680K
}
Event: 375.619 GC heap before
{Heap before GC invocations=53 (full 4):
 def new generation   total 59776K, used 59776K [0x0000000080000000, 0x00000000840d0000, 0x00000000a5550000)
  eden space 53184K, 100% used [0x0000000080000000, 0x00000000833f0000, 0x00000000833f0000)
  from space 6592K, 100% used [0x00000000833f0000, 0x0000000083a60000, 0x0000000083a60000)
  to   space 6592K,   0% used [0x0000000083a60000, 0x0000000083a60000, 0x00000000840d0000)
 tenured generation   total 132140K, used 117134K [0x00000000a5550000, 0x00000000ad65b000, 0x00000000f0000000)
   the space 132140K,  88% used [0x00000000a5550000, 0x00000000ac7b3800, 0x00000000ac7b3800, 0x00000000ad65b000)
 Metaspace       used 111756K, committed 113088K, reserved 458752K
  class space    used 15557K, committed 16192K, reserved 327680K
}
Event: 375.735 GC heap after
{Heap after GC invocations=54 (full 4):
 def new generation   total 59776K, used 6592K [0x0000000080000000, 0x00000000840d0000, 0x00000000a5550000)
  eden space 53184K,   0% used [0x0000000080000000, 0x0000000080000000, 0x00000000833f0000)
  from space 6592K, 100% used [0x0000000083a60000, 0x00000000840d0000, 0x00000000840d0000)
  to   space 6592K,   0% used [0x00000000833f0000, 0x00000000833f0000, 0x0000000083a60000)
 tenured generation   total 132140K, used 125180K [0x00000000a5550000, 0x00000000ad65b000, 0x00000000f0000000)
   the space 132140K,  94% used [0x00000000a5550000, 0x00000000acf8f318, 0x00000000acf8f400, 0x00000000ad65b000)
 Metaspace       used 111756K, committed 113088K, reserved 458752K
  class space    used 15557K, committed 16192K, reserved 327680K
}
Event: 377.962 GC heap before
{Heap before GC invocations=54 (full 4):
 def new generation   total 59776K, used 59776K [0x0000000080000000, 0x00000000840d0000, 0x00000000a5550000)
  eden space 53184K, 100% used [0x0000000080000000, 0x00000000833f0000, 0x00000000833f0000)
  from space 6592K, 100% used [0x0000000083a60000, 0x00000000840d0000, 0x00000000840d0000)
  to   space 6592K,   0% used [0x00000000833f0000, 0x00000000833f0000, 0x0000000083a60000)
 tenured generation   total 132140K, used 125180K [0x00000000a5550000, 0x00000000ad65b000, 0x00000000f0000000)
   the space 132140K,  94% used [0x00000000a5550000, 0x00000000acf8f318, 0x00000000acf8f400, 0x00000000ad65b000)
 Metaspace       used 113790K, committed 115136K, reserved 458752K
  class space    used 15925K, committed 16576K, reserved 327680K
}
Event: 378.028 GC heap after
{Heap after GC invocations=55 (full 4):
 def new generation   total 59776K, used 2511K [0x0000000080000000, 0x00000000840d0000, 0x00000000a5550000)
  eden space 53184K,   0% used [0x0000000080000000, 0x0000000080000000, 0x00000000833f0000)
  from space 6592K,  38% used [0x00000000833f0000, 0x0000000083663d40, 0x0000000083a60000)
  to   space 6592K,   0% used [0x0000000083a60000, 0x0000000083a60000, 0x00000000840d0000)
 tenured generation   total 132140K, used 131758K [0x00000000a5550000, 0x00000000ad65b000, 0x00000000f0000000)
   the space 132140K,  99% used [0x00000000a5550000, 0x00000000ad5fbb50, 0x00000000ad5fbc00, 0x00000000ad65b000)
 Metaspace       used 113790K, committed 115136K, reserved 458752K
  class space    used 15925K, committed 16576K, reserved 327680K
}
Event: 379.226 GC heap before
{Heap before GC invocations=55 (full 4):
 def new generation   total 59776K, used 55695K [0x0000000080000000, 0x00000000840d0000, 0x00000000a5550000)
  eden space 53184K, 100% used [0x0000000080000000, 0x00000000833f0000, 0x00000000833f0000)
  from space 6592K,  38% used [0x00000000833f0000, 0x0000000083663d40, 0x0000000083a60000)
  to   space 6592K,   0% used [0x0000000083a60000, 0x0000000083a60000, 0x00000000840d0000)
 tenured generation   total 132140K, used 131758K [0x00000000a5550000, 0x00000000ad65b000, 0x00000000f0000000)
   the space 132140K,  99% used [0x00000000a5550000, 0x00000000ad5fbb50, 0x00000000ad5fbc00, 0x00000000ad65b000)
 Metaspace       used 113851K, committed 115200K, reserved 458752K
  class space    used 15925K, committed 16576K, reserved 327680K
}
Event: 379.259 GC heap after
{Heap after GC invocations=56 (full 4):
 def new generation   total 59776K, used 3710K [0x0000000080000000, 0x00000000840d0000, 0x00000000a5550000)
  eden space 53184K,   0% used [0x0000000080000000, 0x0000000080000000, 0x00000000833f0000)
  from space 6592K,  56% used [0x0000000083a60000, 0x0000000083dff8e0, 0x00000000840d0000)
  to   space 6592K,   0% used [0x00000000833f0000, 0x00000000833f0000, 0x0000000083a60000)
 tenured generation   total 132140K, used 131758K [0x00000000a5550000, 0x00000000ad65b000, 0x00000000f0000000)
   the space 132140K,  99% used [0x00000000a5550000, 0x00000000ad5fbb50, 0x00000000ad5fbc00, 0x00000000ad65b000)
 Metaspace       used 113851K, committed 115200K, reserved 458752K
  class space    used 15925K, committed 16576K, reserved 327680K
}
Event: 380.627 GC heap before
{Heap before GC invocations=56 (full 4):
 def new generation   total 59776K, used 56894K [0x0000000080000000, 0x00000000840d0000, 0x00000000a5550000)
  eden space 53184K, 100% used [0x0000000080000000, 0x00000000833f0000, 0x00000000833f0000)
  from space 6592K,  56% used [0x0000000083a60000, 0x0000000083dff8e0, 0x00000000840d0000)
  to   space 6592K,   0% used [0x00000000833f0000, 0x00000000833f0000, 0x0000000083a60000)
 tenured generation   total 132140K, used 131758K [0x00000000a5550000, 0x00000000ad65b000, 0x00000000f0000000)
   the space 132140K,  99% used [0x00000000a5550000, 0x00000000ad5fbb50, 0x00000000ad5fbc00, 0x00000000ad65b000)
 Metaspace       used 113875K, committed 115264K, reserved 458752K
  class space    used 15925K, committed 16576K, reserved 327680K
}
Event: 380.681 GC heap after
{Heap after GC invocations=57 (full 4):
 def new generation   total 59776K, used 2586K [0x0000000080000000, 0x00000000840d0000, 0x00000000a5550000)
  eden space 53184K,   0% used [0x0000000080000000, 0x0000000080000000, 0x00000000833f0000)
  from space 6592K,  39% used [0x00000000833f0000, 0x0000000083676a30, 0x0000000083a60000)
  to   space 6592K,   0% used [0x0000000083a60000, 0x0000000083a60000, 0x00000000840d0000)
 tenured generation   total 134252K, used 134133K [0x00000000a5550000, 0x00000000ad86b000, 0x00000000f0000000)
   the space 134252K,  99% used [0x00000000a5550000, 0x00000000ad84d4c8, 0x00000000ad84d600, 0x00000000ad86b000)
 Metaspace       used 113875K, committed 115264K, reserved 458752K
  class space    used 15925K, committed 16576K, reserved 327680K
}
Event: 380.681 GC heap before
{Heap before GC invocations=57 (full 4):
 def new generation   total 59776K, used 2586K [0x0000000080000000, 0x00000000840d0000, 0x00000000a5550000)
  eden space 53184K,   0% used [0x0000000080000000, 0x0000000080000000, 0x00000000833f0000)
  from space 6592K,  39% used [0x00000000833f0000, 0x0000000083676a30, 0x0000000083a60000)
  to   space 6592K,   0% used [0x0000000083a60000, 0x0000000083a60000, 0x00000000840d0000)
 tenured generation   total 134252K, used 134133K [0x00000000a5550000, 0x00000000ad86b000, 0x00000000f0000000)
   the space 134252K,  99% used [0x00000000a5550000, 0x00000000ad84d4c8, 0x00000000ad84d600, 0x00000000ad86b000)
 Metaspace       used 113875K, committed 115264K, reserved 458752K
  class space    used 15925K, committed 16576K, reserved 327680K
}
Event: 392.219 GC heap after
{Heap after GC invocations=57 (full 5):
 def new generation   total 60736K, used 2542K [0x0000000080000000, 0x00000000841e0000, 0x00000000a5550000)
  eden space 54016K,   4% used [0x0000000080000000, 0x000000008027b8d0, 0x00000000834c0000)
  from space 6720K,   0% used [0x00000000834c0000, 0x00000000834c0000, 0x0000000083b50000)
  to   space 6720K,   0% used [0x0000000083b50000, 0x0000000083b50000, 0x00000000841e0000)
 tenured generation   total 134252K, used 134177K [0x00000000a5550000, 0x00000000ad86b000, 0x00000000f0000000)
   the space 134252K,  99% used [0x00000000a5550000, 0x00000000ad858628, 0x00000000ad858800, 0x00000000ad86b000)
 Metaspace       used 113875K, committed 115264K, reserved 458752K
  class space    used 15925K, committed 16576K, reserved 327680K
}

